{
  "RSpec": {
    "coverage": {
      "/Users/sergioazcona/Desktop/turing_work/1mod/projects/enigma/lib/enigma.rb": {
        "lines": [
          1,
          1,
          1,
          1,
          2,
          2,
          null,
          2,
          null,
          null,
          null,
          1,
          1,
          1,
          null,
          null,
          null,
          null,
          null,
          null,
          null,
          null,
          null,
          null,
          null,
          null,
          null,
          null,
          null,
          null,
          null,
          null,
          null,
          null,
          null,
          null,
          null,
          null,
          null,
          null,
          null,
          null,
          null,
          null,
          null,
          null,
          null,
          null,
          null,
          null,
          null,
          null,
          null,
          null,
          null,
          null,
          null,
          null,
          null,
          null,
          null,
          null,
          null,
          null,
          null,
          null,
          null,
          null,
          null,
          null
        ]
      },
      "/Users/sergioazcona/Desktop/turing_work/1mod/projects/enigma/lib/encrypt.rb": {
        "lines": [

        ]
      },
      "/Users/sergioazcona/Desktop/turing_work/1mod/projects/enigma/lib/decrypt.rb": {
        "lines": [

        ]
      }
    },
    "timestamp": 1660011376
  }
}
